<?xml version="1.0" encoding="UTF-8"?>
<testsuite xmlns:xsi="http://www.w3.org/2001/XMLSchema-instance" xsi:noNamespaceSchemaLocation="https://maven.apache.org/surefire/maven-surefire-plugin/xsd/surefire-test-report.xsd" name="javax.xml.bind.test.JAXBContextServiceProviderNPETest" time="0.344" tests="2" errors="0" skipped="0" failures="0">
  <properties>
[...]
</properties>
  <testcase name="testContextPath" classname="javax.xml.bind.test.JAXBContextServiceProviderNPETest" time="0.135"/>
  <testcase name="testClasses" classname="javax.xml.bind.test.JAXBContextServiceProviderNPETest" time="0.001"/>
</testsuite>